2025-03-19 18:29:30 [ERROR]: Cannot read properties of undefined (reading 'price')
2025-03-19 18:29:30 [ERROR]: Cannot read properties of undefined (reading 'price')
2025-03-19 18:30:45 [ERROR]: Cannot read properties of undefined (reading 'price')
2025-03-19 18:30:47 [ERROR]: Cannot read properties of undefined (reading 'price')
2025-03-19 18:31:36 [ERROR]: Unknown column 'comments' in 'field list'
2025-03-19 18:32:15 [INFO]: fetch all regions
2025-03-20 12:37:58 [WARN]: error: "name" is required
2025-03-20 12:38:07 [WARN]: error: "name" length must be at least 3 characters long
2025-03-20 12:38:09 [WARN]: error: "name" is required
2025-03-20 12:38:18 [INFO]: region create
2025-03-20 12:38:27 [INFO]: region create
2025-03-21 06:04:53 [ERROR]: Unknown column 'comments' in 'field list'
2025-03-21 08:57:04 [INFO]: Fetched 0 categories
2025-03-21 08:58:16 [INFO]: All comments fetche
2025-03-21 08:58:26 [INFO]: All comments fetche
2025-03-21 08:59:47 [ERROR]: Unknown column 'comments' in 'field list'
2025-03-21 08:59:59 [INFO]: fetch all regions
2025-03-21 09:26:39 [INFO]: category create with ID: 1
2025-03-21 09:30:18 [INFO]: category create with ID: 2
2025-03-21 09:32:13 [INFO]: category create with ID: 3
2025-03-21 09:43:13 [INFO]: category create with ID: 4
2025-03-21 10:17:55 [INFO]: fetch all regions
2025-03-21 11:27:42 [INFO]: Fetched 0 categories
2025-03-21 11:27:55 [INFO]: category create with ID: 1
2025-03-21 11:29:19 [INFO]: product create
2025-03-21 11:32:44 [INFO]: All comments fetche
2025-03-21 12:26:35 [INFO]: order create
2025-03-21 12:28:24 [INFO]: order item created!
2025-03-21 12:29:10 [INFO]: All comments fetche
2025-03-21 12:29:28 [INFO]: order fetch by ID
2025-03-21 12:30:22 [INFO]: All comments fetche
2025-03-21 12:33:33 [INFO]: All comments fetche
2025-03-21 14:31:50 [INFO]: order fetch by ID
2025-03-21 14:32:10 [INFO]: All comments fetche
2025-03-21 14:35:07 [WARN]: "star" must be less than or equal to 5
2025-03-21 14:35:14 [INFO]: Comment created
2025-03-21 14:39:18 [INFO]: All comments fetche
2025-03-21 14:59:45 [INFO]: Comment created
2025-03-21 15:17:48 [WARN]: comment not found
2025-03-21 15:18:05 [INFO]: All comments fetche
2025-03-21 15:22:49 [INFO]: Comment created
